<?xml version="1.0" encoding="UTF-8"?>
<!-- Generated by org.testng.reporters.JUnitXMLReporter -->
<testsuite ignored="0" hostname="Fernandos-MacBook-Pro.local" failures="0" tests="3" name="SanityTests" time="0.014" errors="0" timestamp="2021-01-26T20:53:05 CST">
  <testcase classname="selenium.testng.basictests.PaymentTest" name="paymentInDollars" time="0.005"/>
  <testcase classname="selenium.testng.basictests.PaymentTest" name="paymentInPesos" time="0.002"/>
  <testcase classname="selenium.testng.basictests.ReturnedPaymentTest" name="paymentReturnedByBank" time="0.001"/>
</testsuite> <!-- SanityTests -->
