<?xml version="1.0" encoding="UTF-8"?>
<!-- Generated by org.testng.reporters.JUnitXMLReporter -->
<testsuite ignored="0" hostname="Fernandos-MacBook-Pro.local" failures="0" tests="6" name="Sanity Tests" time="0.155" errors="0" timestamp="2021-01-26T20:53:05 CST">
  <testcase classname="selenium.testng.basictests.LoginTest" name="loginByEmail" time="0.026"/>
  <testcase classname="selenium.testng.basictests.LoginTest" name="loginByFacebook" time="0.003"/>
  <testcase classname="selenium.testng.basictests.LoginTest" name="loginByTwitter" time="0.004"/>
  <testcase classname="selenium.testng.basictests.SignupTest" name="signupByEmail" time="0.003"/>
  <testcase classname="selenium.testng.basictests.SignupTest" name="signupByFacebook" time="0.015"/>
  <testcase classname="selenium.testng.basictests.SignupTest" name="signupByTwitter" time="0.009"/>
</testsuite> <!-- Sanity Tests -->
